{"C:\\Users\\Usuario\\Documents\\programacion\\microservicios\\User-Management-service\\src\\application\\dto\\UserDto.ts": {"path":"C:\\Users\\Usuario\\Documents\\programacion\\microservicios\\User-Management-service\\src\\application\\dto\\UserDto.ts","statementMap":{"0":{"start":{"line":1,"column":0},"end":{"line":1,"column":59}},"1":{"start":{"line":21,"column":6},"end":{"line":21,"column":43}},"2":{"start":{"line":22,"column":6},"end":{"line":22,"column":23}},"3":{"start":{"line":23,"column":6},"end":{"line":23,"column":23}},"4":{"start":{"line":24,"column":6},"end":{"line":24,"column":25}},"5":{"start":{"line":4,"column":0},"end":{"line":4,"column":13}},"6":{"start":{"line":7,"column":4},"end":{"line":7,"column":null}},"7":{"start":{"line":12,"column":4},"end":{"line":12,"column":null}},"8":{"start":{"line":18,"column":4},"end":{"line":18,"column":null}}},"fnMap":{"0":{"name":"(anonymous_2)","decl":{"start":{"line":20,"column":4},"end":{"line":20,"column":17}},"loc":{"start":{"line":20,"column":97},"end":{"line":25,"column":5}}}},"branchMap":{},"s":{"0":3,"1":15,"2":15,"3":15,"4":15,"5":3,"6":3,"7":3,"8":3},"f":{"0":15},"b":{}}
,"C:\\Users\\Usuario\\Documents\\programacion\\microservicios\\User-Management-service\\src\\application\\mapper\\UserMapper.ts": {"path":"C:\\Users\\Usuario\\Documents\\programacion\\microservicios\\User-Management-service\\src\\application\\mapper\\UserMapper.ts","statementMap":{"0":{"start":{"line":1,"column":0},"end":{"line":1,"column":48}},"1":{"start":{"line":2,"column":0},"end":{"line":2,"column":54}},"2":{"start":{"line":3,"column":0},"end":{"line":3,"column":55}},"3":{"start":{"line":4,"column":0},"end":{"line":4,"column":41}},"4":{"start":{"line":8,"column":8},"end":{"line":13,"column":10}},"5":{"start":{"line":17,"column":22},"end":{"line":17,"column":74}},"6":{"start":{"line":18,"column":21},"end":{"line":18,"column":45}},"7":{"start":{"line":20,"column":8},"end":{"line":22,"column":null}},"8":{"start":{"line":21,"column":10},"end":{"line":21,"column":57}},"9":{"start":{"line":24,"column":8},"end":{"line":30,"column":10}},"10":{"start":{"line":6,"column":0},"end":{"line":6,"column":13}}},"fnMap":{"0":{"name":"(anonymous_0)","decl":{"start":{"line":7,"column":11},"end":{"line":7,"column":17}},"loc":{"start":{"line":7,"column":38},"end":{"line":14,"column":5}}},"1":{"name":"(anonymous_1)","decl":{"start":{"line":16,"column":11},"end":{"line":16,"column":17}},"loc":{"start":{"line":16,"column":43},"end":{"line":31,"column":7}}}},"branchMap":{"0":{"loc":{"start":{"line":17,"column":22},"end":{"line":17,"column":74}},"type":"cond-expr","locations":[{"start":{"line":17,"column":38},"end":{"line":17,"column":62}},{"start":{"line":17,"column":65},"end":{"line":17,"column":74}}]},"1":{"loc":{"start":{"line":20,"column":8},"end":{"line":22,"column":null}},"type":"if","locations":[{"start":{"line":20,"column":8},"end":{"line":22,"column":null}}]},"2":{"loc":{"start":{"line":20,"column":12},"end":{"line":20,"column":66}},"type":"binary-expr","locations":[{"start":{"line":20,"column":12},"end":{"line":20,"column":38}},{"start":{"line":20,"column":42},"end":{"line":20,"column":66}}]}},"s":{"0":3,"1":3,"2":3,"3":3,"4":7,"5":7,"6":7,"7":7,"8":1,"9":6,"10":3},"f":{"0":7,"1":7},"b":{"0":[6,1],"1":[1],"2":[7,1]}}
,"C:\\Users\\Usuario\\Documents\\programacion\\microservicios\\User-Management-service\\src\\application\\service\\UserApplication.ts": {"path":"C:\\Users\\Usuario\\Documents\\programacion\\microservicios\\User-Management-service\\src\\application\\service\\UserApplication.ts","statementMap":{"0":{"start":{"line":2,"column":0},"end":{"line":2,"column":67}},"1":{"start":{"line":4,"column":0},"end":{"line":4,"column":50}},"2":{"start":{"line":5,"column":0},"end":{"line":5,"column":63}},"3":{"start":{"line":6,"column":0},"end":{"line":6,"column":71}},"4":{"start":{"line":12,"column":8},"end":{"line":12,"column":39}},"5":{"start":{"line":16,"column":8},"end":{"line":18,"column":null}},"6":{"start":{"line":17,"column":12},"end":{"line":17,"column":64}},"7":{"start":{"line":19,"column":8},"end":{"line":21,"column":null}},"8":{"start":{"line":20,"column":12},"end":{"line":20,"column":74}},"9":{"start":{"line":22,"column":8},"end":{"line":24,"column":null}},"10":{"start":{"line":23,"column":12},"end":{"line":23,"column":64}},"11":{"start":{"line":25,"column":8},"end":{"line":27,"column":null}},"12":{"start":{"line":26,"column":12},"end":{"line":26,"column":65}},"13":{"start":{"line":28,"column":8},"end":{"line":30,"column":null}},"14":{"start":{"line":29,"column":12},"end":{"line":29,"column":64}},"15":{"start":{"line":32,"column":8},"end":{"line":42,"column":null}},"16":{"start":{"line":33,"column":31},"end":{"line":33,"column":59}},"17":{"start":{"line":34,"column":32},"end":{"line":34,"column":73}},"18":{"start":{"line":35,"column":12},"end":{"line":35,"column":53}},"19":{"start":{"line":38,"column":12},"end":{"line":40,"column":null}},"20":{"start":{"line":39,"column":16},"end":{"line":39,"column":28}},"21":{"start":{"line":41,"column":12},"end":{"line":41,"column":62}},"22":{"start":{"line":46,"column":8},"end":{"line":48,"column":null}},"23":{"start":{"line":47,"column":12},"end":{"line":47,"column":62}},"24":{"start":{"line":50,"column":8},"end":{"line":61,"column":null}},"25":{"start":{"line":51,"column":25},"end":{"line":51,"column":59}},"26":{"start":{"line":52,"column":12},"end":{"line":54,"column":null}},"27":{"start":{"line":53,"column":16},"end":{"line":53,"column":73}},"28":{"start":{"line":55,"column":12},"end":{"line":55,"column":46}},"29":{"start":{"line":57,"column":12},"end":{"line":59,"column":null}},"30":{"start":{"line":58,"column":16},"end":{"line":58,"column":28}},"31":{"start":{"line":60,"column":12},"end":{"line":60,"column":80}},"32":{"start":{"line":65,"column":8},"end":{"line":67,"column":null}},"33":{"start":{"line":66,"column":12},"end":{"line":66,"column":74}},"34":{"start":{"line":69,"column":8},"end":{"line":80,"column":null}},"35":{"start":{"line":70,"column":25},"end":{"line":70,"column":83}},"36":{"start":{"line":71,"column":12},"end":{"line":73,"column":null}},"37":{"start":{"line":72,"column":16},"end":{"line":72,"column":97}},"38":{"start":{"line":74,"column":12},"end":{"line":74,"column":46}},"39":{"start":{"line":76,"column":12},"end":{"line":78,"column":null}},"40":{"start":{"line":77,"column":16},"end":{"line":77,"column":28}},"41":{"start":{"line":79,"column":12},"end":{"line":79,"column":104}},"42":{"start":{"line":8,"column":0},"end":{"line":8,"column":13}}},"fnMap":{"0":{"name":"(anonymous_0)","decl":{"start":{"line":11,"column":4},"end":{"line":11,"column":16}},"loc":{"start":{"line":11,"column":48},"end":{"line":13,"column":5}}},"1":{"name":"(anonymous_1)","decl":{"start":{"line":15,"column":4},"end":{"line":15,"column":9}},"loc":{"start":{"line":15,"column":34},"end":{"line":43,"column":5}}},"2":{"name":"(anonymous_2)","decl":{"start":{"line":45,"column":4},"end":{"line":45,"column":9}},"loc":{"start":{"line":45,"column":29},"end":{"line":62,"column":5}}},"3":{"name":"(anonymous_3)","decl":{"start":{"line":64,"column":4},"end":{"line":64,"column":9}},"loc":{"start":{"line":64,"column":53},"end":{"line":81,"column":5}}}},"branchMap":{"0":{"loc":{"start":{"line":16,"column":8},"end":{"line":18,"column":null}},"type":"if","locations":[{"start":{"line":16,"column":8},"end":{"line":18,"column":null}}]},"1":{"loc":{"start":{"line":19,"column":8},"end":{"line":21,"column":null}},"type":"if","locations":[{"start":{"line":19,"column":8},"end":{"line":21,"column":null}}]},"2":{"loc":{"start":{"line":22,"column":8},"end":{"line":24,"column":null}},"type":"if","locations":[{"start":{"line":22,"column":8},"end":{"line":24,"column":null}}]},"3":{"loc":{"start":{"line":25,"column":8},"end":{"line":27,"column":null}},"type":"if","locations":[{"start":{"line":25,"column":8},"end":{"line":27,"column":null}}]},"4":{"loc":{"start":{"line":28,"column":8},"end":{"line":30,"column":null}},"type":"if","locations":[{"start":{"line":28,"column":8},"end":{"line":30,"column":null}}]},"5":{"loc":{"start":{"line":38,"column":12},"end":{"line":40,"column":null}},"type":"if","locations":[{"start":{"line":38,"column":12},"end":{"line":40,"column":null}}]},"6":{"loc":{"start":{"line":46,"column":8},"end":{"line":48,"column":null}},"type":"if","locations":[{"start":{"line":46,"column":8},"end":{"line":48,"column":null}}]},"7":{"loc":{"start":{"line":52,"column":12},"end":{"line":54,"column":null}},"type":"if","locations":[{"start":{"line":52,"column":12},"end":{"line":54,"column":null}}]},"8":{"loc":{"start":{"line":57,"column":12},"end":{"line":59,"column":null}},"type":"if","locations":[{"start":{"line":57,"column":12},"end":{"line":59,"column":null}}]},"9":{"loc":{"start":{"line":65,"column":8},"end":{"line":67,"column":null}},"type":"if","locations":[{"start":{"line":65,"column":8},"end":{"line":67,"column":null}}]},"10":{"loc":{"start":{"line":71,"column":12},"end":{"line":73,"column":null}},"type":"if","locations":[{"start":{"line":71,"column":12},"end":{"line":73,"column":null}}]},"11":{"loc":{"start":{"line":76,"column":12},"end":{"line":78,"column":null}},"type":"if","locations":[{"start":{"line":76,"column":12},"end":{"line":78,"column":null}}]}},"s":{"0":2,"1":2,"2":2,"3":2,"4":9,"5":6,"6":0,"7":6,"8":2,"9":4,"10":0,"11":4,"12":0,"13":4,"14":0,"15":4,"16":4,"17":4,"18":2,"19":2,"20":0,"21":2,"22":3,"23":0,"24":3,"25":3,"26":2,"27":1,"28":1,"29":2,"30":1,"31":1,"32":4,"33":0,"34":4,"35":4,"36":3,"37":1,"38":2,"39":2,"40":1,"41":1,"42":2},"f":{"0":9,"1":6,"2":3,"3":4},"b":{"0":[0],"1":[2],"2":[0],"3":[0],"4":[0],"5":[0],"6":[0],"7":[1],"8":[1],"9":[0],"10":[1],"11":[1]}}
,"C:\\Users\\Usuario\\Documents\\programacion\\microservicios\\User-Management-service\\src\\domain\\builder\\UserBuilder.ts": {"path":"C:\\Users\\Usuario\\Documents\\programacion\\microservicios\\User-Management-service\\src\\domain\\builder\\UserBuilder.ts","statementMap":{"0":{"start":{"line":1,"column":0},"end":{"line":1,"column":42}},"1":{"start":{"line":2,"column":0},"end":{"line":2,"column":46}},"2":{"start":{"line":3,"column":0},"end":{"line":3,"column":44}},"3":{"start":{"line":5,"column":0},"end":{"line":5,"column":45}},"4":{"start":{"line":6,"column":0},"end":{"line":6,"column":85}},"5":{"start":{"line":9,"column":12},"end":{"line":9,"column":28}},"6":{"start":{"line":11,"column":12},"end":{"line":11,"column":30}},"7":{"start":{"line":12,"column":12},"end":{"line":12,"column":47}},"8":{"start":{"line":16,"column":6},"end":{"line":16,"column":19}},"9":{"start":{"line":17,"column":6},"end":{"line":17,"column":18}},"10":{"start":{"line":21,"column":6},"end":{"line":21,"column":43}},"11":{"start":{"line":22,"column":6},"end":{"line":22,"column":18}},"12":{"start":{"line":26,"column":6},"end":{"line":26,"column":23}},"13":{"start":{"line":27,"column":6},"end":{"line":27,"column":18}},"14":{"start":{"line":31,"column":6},"end":{"line":31,"column":36}},"15":{"start":{"line":32,"column":6},"end":{"line":32,"column":18}},"16":{"start":{"line":36,"column":6},"end":{"line":38,"column":null}},"17":{"start":{"line":37,"column":8},"end":{"line":37,"column":49}},"18":{"start":{"line":39,"column":6},"end":{"line":39,"column":23}},"19":{"start":{"line":40,"column":6},"end":{"line":40,"column":18}},"20":{"start":{"line":44,"column":6},"end":{"line":50,"column":null}},"21":{"start":{"line":45,"column":8},"end":{"line":45,"column":80}},"22":{"start":{"line":46,"column":13},"end":{"line":50,"column":null}},"23":{"start":{"line":47,"column":8},"end":{"line":47,"column":82}},"24":{"start":{"line":49,"column":8},"end":{"line":49,"column":55}},"25":{"start":{"line":8,"column":0},"end":{"line":8,"column":13}}},"fnMap":{"0":{"name":"(anonymous_0)","decl":{"start":{"line":8,"column":0},"end":{"line":8,"column":13}},"loc":{"start":{"line":8,"column":0},"end":{"line":52,"column":3}}},"1":{"name":"(anonymous_1)","decl":{"start":{"line":15,"column":4},"end":{"line":15,"column":9}},"loc":{"start":{"line":15,"column":20},"end":{"line":18,"column":5}}},"2":{"name":"(anonymous_2)","decl":{"start":{"line":20,"column":4},"end":{"line":20,"column":21}},"loc":{"start":{"line":20,"column":45},"end":{"line":23,"column":5}}},"3":{"name":"(anonymous_3)","decl":{"start":{"line":25,"column":4},"end":{"line":25,"column":11}},"loc":{"start":{"line":25,"column":24},"end":{"line":28,"column":5}}},"4":{"name":"(anonymous_4)","decl":{"start":{"line":30,"column":4},"end":{"line":30,"column":12}},"loc":{"start":{"line":30,"column":26},"end":{"line":33,"column":5}}},"5":{"name":"(anonymous_5)","decl":{"start":{"line":35,"column":4},"end":{"line":35,"column":11}},"loc":{"start":{"line":35,"column":26},"end":{"line":41,"column":5}}},"6":{"name":"(anonymous_6)","decl":{"start":{"line":43,"column":4},"end":{"line":43,"column":9}},"loc":{"start":{"line":43,"column":9},"end":{"line":51,"column":5}}}},"branchMap":{"0":{"loc":{"start":{"line":36,"column":6},"end":{"line":38,"column":null}},"type":"if","locations":[{"start":{"line":36,"column":6},"end":{"line":38,"column":null}}]},"1":{"loc":{"start":{"line":36,"column":10},"end":{"line":36,"column":64}},"type":"binary-expr","locations":[{"start":{"line":36,"column":10},"end":{"line":36,"column":36}},{"start":{"line":36,"column":40},"end":{"line":36,"column":64}}]},"2":{"loc":{"start":{"line":44,"column":6},"end":{"line":50,"column":null}},"type":"if","locations":[{"start":{"line":44,"column":6},"end":{"line":50,"column":null}},{"start":{"line":46,"column":13},"end":{"line":50,"column":null}}]},"3":{"loc":{"start":{"line":46,"column":13},"end":{"line":50,"column":null}},"type":"if","locations":[{"start":{"line":46,"column":13},"end":{"line":50,"column":null}},{"start":{"line":48,"column":13},"end":{"line":50,"column":null}}]}},"s":{"0":2,"1":2,"2":2,"3":2,"4":2,"5":3,"6":3,"7":3,"8":3,"9":3,"10":3,"11":3,"12":3,"13":3,"14":3,"15":3,"16":3,"17":0,"18":3,"19":3,"20":3,"21":2,"22":1,"23":1,"24":0,"25":2},"f":{"0":3,"1":3,"2":3,"3":3,"4":3,"5":3,"6":3},"b":{"0":[0],"1":[3,2],"2":[2,1],"3":[1,0]}}
,"C:\\Users\\Usuario\\Documents\\programacion\\microservicios\\User-Management-service\\src\\domain\\entity\\Customer.ts": {"path":"C:\\Users\\Usuario\\Documents\\programacion\\microservicios\\User-Management-service\\src\\domain\\entity\\Customer.ts","statementMap":{"0":{"start":{"line":1,"column":0},"end":{"line":1,"column":30}},"1":{"start":{"line":2,"column":0},"end":{"line":2,"column":44}},"2":{"start":{"line":7,"column":4},"end":{"line":7,"column":63}},"3":{"start":{"line":5,"column":0},"end":{"line":5,"column":13}}},"fnMap":{"0":{"name":"(anonymous_0)","decl":{"start":{"line":6,"column":2},"end":{"line":6,"column":14}},"loc":{"start":{"line":6,"column":76},"end":{"line":8,"column":3}}}},"branchMap":{},"s":{"0":2,"1":2,"2":1,"3":2},"f":{"0":1},"b":{}}
,"C:\\Users\\Usuario\\Documents\\programacion\\microservicios\\User-Management-service\\src\\domain\\entity\\Driver.ts": {"path":"C:\\Users\\Usuario\\Documents\\programacion\\microservicios\\User-Management-service\\src\\domain\\entity\\Driver.ts","statementMap":{"0":{"start":{"line":1,"column":0},"end":{"line":1,"column":30}},"1":{"start":{"line":2,"column":0},"end":{"line":2,"column":44}},"2":{"start":{"line":7,"column":8},"end":{"line":7,"column":64}},"3":{"start":{"line":5,"column":0},"end":{"line":5,"column":13}}},"fnMap":{"0":{"name":"(anonymous_0)","decl":{"start":{"line":6,"column":4},"end":{"line":6,"column":16}},"loc":{"start":{"line":6,"column":78},"end":{"line":8,"column":5}}}},"branchMap":{},"s":{"0":2,"1":2,"2":2,"3":2},"f":{"0":2},"b":{}}
,"C:\\Users\\Usuario\\Documents\\programacion\\microservicios\\User-Management-service\\src\\domain\\entity\\User.ts": {"path":"C:\\Users\\Usuario\\Documents\\programacion\\microservicios\\User-Management-service\\src\\domain\\entity\\User.ts","statementMap":{"0":{"start":{"line":12,"column":6},"end":{"line":12,"column":19}},"1":{"start":{"line":13,"column":6},"end":{"line":13,"column":43}},"2":{"start":{"line":14,"column":6},"end":{"line":14,"column":23}},"3":{"start":{"line":15,"column":6},"end":{"line":15,"column":23}},"4":{"start":{"line":16,"column":6},"end":{"line":16,"column":25}},"5":{"start":{"line":20,"column":8},"end":{"line":20,"column":23}},"6":{"start":{"line":24,"column":8},"end":{"line":24,"column":35}},"7":{"start":{"line":28,"column":8},"end":{"line":28,"column":25}},"8":{"start":{"line":32,"column":8},"end":{"line":32,"column":38}},"9":{"start":{"line":36,"column":8},"end":{"line":36,"column":25}},"10":{"start":{"line":4,"column":0},"end":{"line":4,"column":13}}},"fnMap":{"0":{"name":"(anonymous_0)","decl":{"start":{"line":11,"column":4},"end":{"line":11,"column":16}},"loc":{"start":{"line":11,"column":107},"end":{"line":17,"column":5}}},"1":{"name":"(anonymous_1)","decl":{"start":{"line":19,"column":11},"end":{"line":19,"column":16}},"loc":{"start":{"line":19,"column":16},"end":{"line":21,"column":5}}},"2":{"name":"(anonymous_2)","decl":{"start":{"line":23,"column":11},"end":{"line":23,"column":28}},"loc":{"start":{"line":23,"column":28},"end":{"line":25,"column":5}}},"3":{"name":"(anonymous_3)","decl":{"start":{"line":27,"column":11},"end":{"line":27,"column":18}},"loc":{"start":{"line":27,"column":18},"end":{"line":29,"column":5}}},"4":{"name":"(anonymous_4)","decl":{"start":{"line":31,"column":11},"end":{"line":31,"column":19}},"loc":{"start":{"line":31,"column":19},"end":{"line":33,"column":5}}},"5":{"name":"(anonymous_5)","decl":{"start":{"line":35,"column":11},"end":{"line":35,"column":18}},"loc":{"start":{"line":35,"column":18},"end":{"line":37,"column":5}}}},"branchMap":{},"s":{"0":22,"1":22,"2":22,"3":22,"4":22,"5":1,"6":4,"7":7,"8":14,"9":3,"10":7},"f":{"0":22,"1":1,"2":4,"3":7,"4":14,"5":3},"b":{}}
,"C:\\Users\\Usuario\\Documents\\programacion\\microservicios\\User-Management-service\\src\\domain\\enum\\UserRole.ts": {"path":"C:\\Users\\Usuario\\Documents\\programacion\\microservicios\\User-Management-service\\src\\domain\\enum\\UserRole.ts","statementMap":{"0":{"start":{"line":1,"column":0},"end":{"line":1,"column":null}},"1":{"start":{"line":2,"column":4},"end":{"line":2,"column":null}},"2":{"start":{"line":3,"column":4},"end":{"line":3,"column":null}}},"fnMap":{"0":{"name":"(anonymous_0)","decl":{"start":{"line":1,"column":0},"end":{"line":1,"column":12}},"loc":{"start":{"line":1,"column":20},"end":{"line":4,"column":1}}}},"branchMap":{"0":{"loc":{"start":{"line":1,"column":12},"end":{"line":1,"column":null}},"type":"binary-expr","locations":[{"start":{"line":1,"column":12},"end":{"line":1,"column":20}},{"start":{"line":1,"column":20},"end":{"line":1,"column":null}}]}},"s":{"0":8,"1":8,"2":8},"f":{"0":8},"b":{"0":[8,8]}}
,"C:\\Users\\Usuario\\Documents\\programacion\\microservicios\\User-Management-service\\src\\domain\\service\\UserServiceDomain.ts": {"path":"C:\\Users\\Usuario\\Documents\\programacion\\microservicios\\User-Management-service\\src\\domain\\service\\UserServiceDomain.ts","statementMap":{"0":{"start":{"line":9,"column":8},"end":{"line":9,"column":45}},"1":{"start":{"line":12,"column":8},"end":{"line":12,"column":52}},"2":{"start":{"line":16,"column":8},"end":{"line":16,"column":53}},"3":{"start":{"line":20,"column":8},"end":{"line":20,"column":77}},"4":{"start":{"line":5,"column":0},"end":{"line":5,"column":13}}},"fnMap":{"0":{"name":"(anonymous_0)","decl":{"start":{"line":8,"column":4},"end":{"line":8,"column":16}},"loc":{"start":{"line":8,"column":52},"end":{"line":10,"column":5}}},"1":{"name":"(anonymous_1)","decl":{"start":{"line":11,"column":4},"end":{"line":11,"column":9}},"loc":{"start":{"line":11,"column":28},"end":{"line":13,"column":5}}},"2":{"name":"(anonymous_2)","decl":{"start":{"line":15,"column":4},"end":{"line":15,"column":9}},"loc":{"start":{"line":15,"column":28},"end":{"line":17,"column":5}}},"3":{"name":"(anonymous_3)","decl":{"start":{"line":19,"column":4},"end":{"line":19,"column":9}},"loc":{"start":{"line":19,"column":52},"end":{"line":21,"column":5}}}},"branchMap":{},"s":{"0":4,"1":1,"2":2,"3":1,"4":1},"f":{"0":4,"1":1,"2":2,"3":1},"b":{}}
,"C:\\Users\\Usuario\\Documents\\programacion\\microservicios\\User-Management-service\\src\\domain\\valueObject\\Phone.ts": {"path":"C:\\Users\\Usuario\\Documents\\programacion\\microservicios\\User-Management-service\\src\\domain\\valueObject\\Phone.ts","statementMap":{"0":{"start":{"line":5,"column":30},"end":{"line":5,"column":43}},"1":{"start":{"line":7,"column":8},"end":{"line":9,"column":null}},"2":{"start":{"line":8,"column":12},"end":{"line":8,"column":52}},"3":{"start":{"line":11,"column":8},"end":{"line":11,"column":35}},"4":{"start":{"line":15,"column":8},"end":{"line":15,"column":26}},"5":{"start":{"line":1,"column":0},"end":{"line":1,"column":13}}},"fnMap":{"0":{"name":"(anonymous_0)","decl":{"start":{"line":4,"column":4},"end":{"line":4,"column":16}},"loc":{"start":{"line":4,"column":26},"end":{"line":12,"column":5}}},"1":{"name":"(anonymous_1)","decl":{"start":{"line":14,"column":11},"end":{"line":14,"column":19}},"loc":{"start":{"line":14,"column":19},"end":{"line":16,"column":5}}}},"branchMap":{"0":{"loc":{"start":{"line":7,"column":8},"end":{"line":9,"column":null}},"type":"if","locations":[{"start":{"line":7,"column":8},"end":{"line":9,"column":null}}]},"1":{"loc":{"start":{"line":7,"column":12},"end":{"line":7,"column":74}},"type":"binary-expr","locations":[{"start":{"line":7,"column":12},"end":{"line":7,"column":45}},{"start":{"line":7,"column":49},"end":{"line":7,"column":74}}]}},"s":{"0":20,"1":20,"2":0,"3":20,"4":11,"5":7},"f":{"0":20,"1":11},"b":{"0":[0],"1":[20,20]}}
,"C:\\Users\\Usuario\\Documents\\programacion\\microservicios\\User-Management-service\\src\\exceptions\\BaseError.ts": {"path":"C:\\Users\\Usuario\\Documents\\programacion\\microservicios\\User-Management-service\\src\\exceptions\\BaseError.ts","statementMap":{"0":{"start":{"line":6,"column":8},"end":{"line":6,"column":23}},"1":{"start":{"line":7,"column":8},"end":{"line":7,"column":37}},"2":{"start":{"line":8,"column":8},"end":{"line":8,"column":35}},"3":{"start":{"line":9,"column":8},"end":{"line":9,"column":38}},"4":{"start":{"line":1,"column":0},"end":{"line":1,"column":13}}},"fnMap":{"0":{"name":"(anonymous_0)","decl":{"start":{"line":5,"column":4},"end":{"line":5,"column":16}},"loc":{"start":{"line":5,"column":70},"end":{"line":10,"column":5}}}},"branchMap":{},"s":{"0":22,"1":22,"2":22,"3":22,"4":6},"f":{"0":22},"b":{}}
,"C:\\Users\\Usuario\\Documents\\programacion\\microservicios\\User-Management-service\\src\\exceptions\\DatabaseException.ts": {"path":"C:\\Users\\Usuario\\Documents\\programacion\\microservicios\\User-Management-service\\src\\exceptions\\DatabaseException.ts","statementMap":{"0":{"start":{"line":1,"column":0},"end":{"line":1,"column":40}},"1":{"start":{"line":5,"column":6},"end":{"line":5,"column":44}},"2":{"start":{"line":6,"column":6},"end":{"line":6,"column":38}},"3":{"start":{"line":3,"column":0},"end":{"line":3,"column":13}}},"fnMap":{"0":{"name":"(anonymous_0)","decl":{"start":{"line":4,"column":4},"end":{"line":4,"column":16}},"loc":{"start":{"line":4,"column":50},"end":{"line":7,"column":5}}}},"branchMap":{"0":{"loc":{"start":{"line":4,"column":16},"end":{"line":4,"column":50}},"type":"default-arg","locations":[{"start":{"line":4,"column":34},"end":{"line":4,"column":50}}]}},"s":{"0":6,"1":8,"2":8,"3":6},"f":{"0":8},"b":{"0":[0]}}
,"C:\\Users\\Usuario\\Documents\\programacion\\microservicios\\User-Management-service\\src\\exceptions\\InvalidRoleError.ts": {"path":"C:\\Users\\Usuario\\Documents\\programacion\\microservicios\\User-Management-service\\src\\exceptions\\InvalidRoleError.ts","statementMap":{"0":{"start":{"line":3,"column":6},"end":{"line":3,"column":42}},"1":{"start":{"line":4,"column":6},"end":{"line":4,"column":37}},"2":{"start":{"line":1,"column":0},"end":{"line":1,"column":13}}},"fnMap":{"0":{"name":"(anonymous_0)","decl":{"start":{"line":2,"column":4},"end":{"line":2,"column":16}},"loc":{"start":{"line":2,"column":28},"end":{"line":5,"column":5}}}},"branchMap":{},"s":{"0":1,"1":1,"2":2},"f":{"0":1},"b":{}}
,"C:\\Users\\Usuario\\Documents\\programacion\\microservicios\\User-Management-service\\src\\exceptions\\InvalidUserRoleException.ts": {"path":"C:\\Users\\Usuario\\Documents\\programacion\\microservicios\\User-Management-service\\src\\exceptions\\InvalidUserRoleException.ts","statementMap":{"0":{"start":{"line":3,"column":6},"end":{"line":3,"column":42}},"1":{"start":{"line":4,"column":6},"end":{"line":4,"column":45}},"2":{"start":{"line":1,"column":0},"end":{"line":1,"column":13}}},"fnMap":{"0":{"name":"(anonymous_0)","decl":{"start":{"line":2,"column":4},"end":{"line":2,"column":16}},"loc":{"start":{"line":2,"column":28},"end":{"line":5,"column":5}}}},"branchMap":{},"s":{"0":0,"1":0,"2":2},"f":{"0":0},"b":{}}
,"C:\\Users\\Usuario\\Documents\\programacion\\microservicios\\User-Management-service\\src\\exceptions\\NotFoundError.ts": {"path":"C:\\Users\\Usuario\\Documents\\programacion\\microservicios\\User-Management-service\\src\\exceptions\\NotFoundError.ts","statementMap":{"0":{"start":{"line":1,"column":0},"end":{"line":1,"column":40}},"1":{"start":{"line":5,"column":8},"end":{"line":5,"column":40}},"2":{"start":{"line":3,"column":0},"end":{"line":3,"column":13}}},"fnMap":{"0":{"name":"(anonymous_0)","decl":{"start":{"line":4,"column":4},"end":{"line":4,"column":16}},"loc":{"start":{"line":4,"column":31},"end":{"line":6,"column":5}}}},"branchMap":{},"s":{"0":6,"1":10,"2":6},"f":{"0":10},"b":{}}
,"C:\\Users\\Usuario\\Documents\\programacion\\microservicios\\User-Management-service\\src\\exceptions\\ValidationError.ts": {"path":"C:\\Users\\Usuario\\Documents\\programacion\\microservicios\\User-Management-service\\src\\exceptions\\ValidationError.ts","statementMap":{"0":{"start":{"line":1,"column":0},"end":{"line":1,"column":39}},"1":{"start":{"line":5,"column":8},"end":{"line":5,"column":null}},"2":{"start":{"line":3,"column":0},"end":{"line":3,"column":13}}},"fnMap":{"0":{"name":"(anonymous_0)","decl":{"start":{"line":4,"column":4},"end":{"line":4,"column":16}},"loc":{"start":{"line":4,"column":31},"end":{"line":6,"column":5}}}},"branchMap":{},"s":{"0":4,"1":4,"2":4},"f":{"0":4},"b":{}}
,"C:\\Users\\Usuario\\Documents\\programacion\\microservicios\\User-Management-service\\src\\infrastructure\\config\\DataBase.ts": {"path":"C:\\Users\\Usuario\\Documents\\programacion\\microservicios\\User-Management-service\\src\\infrastructure\\config\\DataBase.ts","statementMap":{"0":{"start":{"line":2,"column":0},"end":{"line":2,"column":55}},"1":{"start":{"line":3,"column":0},"end":{"line":3,"column":48}},"2":{"start":{"line":4,"column":0},"end":{"line":4,"column":54}},"3":{"start":{"line":10,"column":4},"end":{"line":23,"column":null}},"4":{"start":{"line":11,"column":20},"end":{"line":11,"column":45}},"5":{"start":{"line":12,"column":6},"end":{"line":20,"column":9}},"6":{"start":{"line":22,"column":6},"end":{"line":22,"column":32}},"7":{"start":{"line":27,"column":4},"end":{"line":29,"column":null}},"8":{"start":{"line":28,"column":6},"end":{"line":28,"column":30}},"9":{"start":{"line":30,"column":4},"end":{"line":30,"column":43}},"10":{"start":{"line":34,"column":23},"end":{"line":34,"column":49}},"11":{"start":{"line":35,"column":4},"end":{"line":56,"column":null}},"12":{"start":{"line":36,"column":6},"end":{"line":43,"column":9}},"13":{"start":{"line":44,"column":6},"end":{"line":51,"column":9}},"14":{"start":{"line":53,"column":6},"end":{"line":53,"column":53}},"15":{"start":{"line":55,"column":6},"end":{"line":55,"column":27}},"16":{"start":{"line":6,"column":0},"end":{"line":6,"column":13}},"17":{"start":{"line":62,"column":39},"end":{"line":62,"column":69}},"18":{"start":{"line":64,"column":21},"end":{"line":68,"column":6}},"19":{"start":{"line":70,"column":22},"end":{"line":70,"column":84}},"20":{"start":{"line":72,"column":4},"end":{"line":96,"column":null}},"21":{"start":{"line":73,"column":28},"end":{"line":79,"column":null}},"22":{"start":{"line":82,"column":6},"end":{"line":90,"column":null}},"23":{"start":{"line":83,"column":8},"end":{"line":89,"column":10}},"24":{"start":{"line":92,"column":6},"end":{"line":92,"column":47}},"25":{"start":{"line":93,"column":6},"end":{"line":93,"column":43}},"26":{"start":{"line":95,"column":6},"end":{"line":95,"column":27}},"27":{"start":{"line":98,"column":4},"end":{"line":98,"column":16}},"28":{"start":{"line":60,"column":0},"end":{"line":60,"column":13}}},"fnMap":{"0":{"name":"(anonymous_0)","decl":{"start":{"line":9,"column":2},"end":{"line":9,"column":8}},"loc":{"start":{"line":9,"column":25},"end":{"line":24,"column":3}}},"1":{"name":"(anonymous_1)","decl":{"start":{"line":26,"column":2},"end":{"line":26,"column":8}},"loc":{"start":{"line":26,"column":28},"end":{"line":31,"column":3}}},"2":{"name":"(anonymous_2)","decl":{"start":{"line":33,"column":10},"end":{"line":33,"column":16}},"loc":{"start":{"line":33,"column":35},"end":{"line":57,"column":3}}},"3":{"name":"(anonymous_3)","decl":{"start":{"line":61,"column":2},"end":{"line":61,"column":7}},"loc":{"start":{"line":61,"column":23},"end":{"line":99,"column":3}}}},"branchMap":{"0":{"loc":{"start":{"line":10,"column":4},"end":{"line":23,"column":null}},"type":"if","locations":[{"start":{"line":10,"column":4},"end":{"line":23,"column":null}}]},"1":{"loc":{"start":{"line":13,"column":14},"end":{"line":13,"column":48}},"type":"binary-expr","locations":[{"start":{"line":13,"column":14},"end":{"line":13,"column":33}},{"start":{"line":13,"column":37},"end":{"line":13,"column":48}}]},"2":{"loc":{"start":{"line":14,"column":14},"end":{"line":14,"column":43}},"type":"binary-expr","locations":[{"start":{"line":14,"column":14},"end":{"line":14,"column":33}},{"start":{"line":14,"column":37},"end":{"line":14,"column":43}}]},"3":{"loc":{"start":{"line":15,"column":18},"end":{"line":15,"column":51}},"type":"binary-expr","locations":[{"start":{"line":15,"column":18},"end":{"line":15,"column":41}},{"start":{"line":15,"column":45},"end":{"line":15,"column":51}}]},"4":{"loc":{"start":{"line":16,"column":18},"end":{"line":16,"column":55}},"type":"binary-expr","locations":[{"start":{"line":16,"column":18},"end":{"line":16,"column":37}},{"start":{"line":16,"column":41},"end":{"line":16,"column":55}}]},"5":{"loc":{"start":{"line":27,"column":4},"end":{"line":29,"column":null}},"type":"if","locations":[{"start":{"line":27,"column":4},"end":{"line":29,"column":null}}]},"6":{"loc":{"start":{"line":67,"column":13},"end":{"line":67,"column":36}},"type":"binary-expr","locations":[{"start":{"line":67,"column":13},"end":{"line":67,"column":28}},{"start":{"line":67,"column":32},"end":{"line":67,"column":36}}]},"7":{"loc":{"start":{"line":70,"column":22},"end":{"line":70,"column":84}},"type":"cond-expr","locations":[{"start":{"line":70,"column":61},"end":{"line":70,"column":72}},{"start":{"line":70,"column":75},"end":{"line":70,"column":84}}]},"8":{"loc":{"start":{"line":82,"column":6},"end":{"line":90,"column":null}},"type":"if","locations":[{"start":{"line":82,"column":6},"end":{"line":90,"column":null}}]},"9":{"loc":{"start":{"line":82,"column":10},"end":{"line":82,"column":42}},"type":"binary-expr","locations":[{"start":{"line":82,"column":10},"end":{"line":82,"column":23}},{"start":{"line":82,"column":27},"end":{"line":82,"column":42}}]},"10":{"loc":{"start":{"line":88,"column":10},"end":{"line":88,"column":66}},"type":"cond-expr","locations":[{"start":{"line":88,"column":28},"end":{"line":88,"column":54}},{"start":{"line":88,"column":57},"end":{"line":88,"column":66}}]}},"s":{"0":2,"1":2,"2":2,"3":1,"4":1,"5":1,"6":1,"7":5,"8":1,"9":5,"10":1,"11":1,"12":1,"13":1,"14":0,"15":1,"16":2,"17":0,"18":0,"19":0,"20":0,"21":0,"22":0,"23":0,"24":0,"25":0,"26":0,"27":0,"28":2},"f":{"0":1,"1":5,"2":1,"3":0},"b":{"0":[1],"1":[1,1],"2":[1,1],"3":[1,1],"4":[1,1],"5":[1],"6":[0,0],"7":[0,0],"8":[0],"9":[0,0],"10":[0,0]}}
,"C:\\Users\\Usuario\\Documents\\programacion\\microservicios\\User-Management-service\\src\\infrastructure\\controller\\UserController.ts": {"path":"C:\\Users\\Usuario\\Documents\\programacion\\microservicios\\User-Management-service\\src\\infrastructure\\controller\\UserController.ts","statementMap":{"0":{"start":{"line":1,"column":0},"end":{"line":1,"column":53}},"1":{"start":{"line":3,"column":0},"end":{"line":3,"column":67}},"2":{"start":{"line":4,"column":0},"end":{"line":4,"column":63}},"3":{"start":{"line":5,"column":0},"end":{"line":5,"column":71}},"4":{"start":{"line":8,"column":34},"end":{"line":8,"column":69}},"5":{"start":{"line":9,"column":8},"end":{"line":9,"column":39}},"6":{"start":{"line":10,"column":8},"end":{"line":10,"column":32}},"7":{"start":{"line":46,"column":8},"end":{"line":51,"column":null}},"8":{"start":{"line":47,"column":25},"end":{"line":47,"column":65}},"9":{"start":{"line":48,"column":12},"end":{"line":48,"column":39}},"10":{"start":{"line":50,"column":12},"end":{"line":50,"column":null}},"11":{"start":{"line":80,"column":8},"end":{"line":86,"column":null}},"12":{"start":{"line":81,"column":23},"end":{"line":81,"column":36}},"13":{"start":{"line":82,"column":25},"end":{"line":82,"column":60}},"14":{"start":{"line":83,"column":12},"end":{"line":83,"column":39}},"15":{"start":{"line":85,"column":12},"end":{"line":85,"column":null}},"16":{"start":{"line":115,"column":8},"end":{"line":121,"column":null}},"17":{"start":{"line":116,"column":35},"end":{"line":116,"column":60}},"18":{"start":{"line":117,"column":25},"end":{"line":117,"column":94}},"19":{"start":{"line":118,"column":12},"end":{"line":118,"column":39}},"20":{"start":{"line":120,"column":12},"end":{"line":120,"column":41}},"21":{"start":{"line":125,"column":8},"end":{"line":133,"column":null}},"22":{"start":{"line":126,"column":12},"end":{"line":126,"column":61}},"23":{"start":{"line":127,"column":15},"end":{"line":133,"column":null}},"24":{"start":{"line":128,"column":12},"end":{"line":128,"column":61}},"25":{"start":{"line":129,"column":15},"end":{"line":133,"column":null}},"26":{"start":{"line":130,"column":12},"end":{"line":130,"column":72}},"27":{"start":{"line":132,"column":12},"end":{"line":132,"column":76}},"28":{"start":{"line":139,"column":8},"end":{"line":139,"column":54}},"29":{"start":{"line":140,"column":8},"end":{"line":140,"column":61}},"30":{"start":{"line":141,"column":8},"end":{"line":141,"column":86}},"31":{"start":{"line":145,"column":8},"end":{"line":145,"column":27}},"32":{"start":{"line":7,"column":0},"end":{"line":7,"column":13}}},"fnMap":{"0":{"name":"(anonymous_1)","decl":{"start":{"line":8,"column":4},"end":{"line":8,"column":34}},"loc":{"start":{"line":8,"column":69},"end":{"line":11,"column":5}}},"1":{"name":"(anonymous_2)","decl":{"start":{"line":45,"column":4},"end":{"line":45,"column":9}},"loc":{"start":{"line":45,"column":44},"end":{"line":52,"column":5}}},"2":{"name":"(anonymous_3)","decl":{"start":{"line":79,"column":12},"end":{"line":79,"column":17}},"loc":{"start":{"line":79,"column":57},"end":{"line":87,"column":5}}},"3":{"name":"(anonymous_4)","decl":{"start":{"line":114,"column":12},"end":{"line":114,"column":17}},"loc":{"start":{"line":114,"column":65},"end":{"line":122,"column":5}}},"4":{"name":"(anonymous_5)","decl":{"start":{"line":124,"column":12},"end":{"line":124,"column":23}},"loc":{"start":{"line":124,"column":49},"end":{"line":134,"column":5}}},"5":{"name":"(anonymous_6)","decl":{"start":{"line":138,"column":12},"end":{"line":138,"column":28}},"loc":{"start":{"line":138,"column":28},"end":{"line":142,"column":5}}},"6":{"name":"(anonymous_7)","decl":{"start":{"line":144,"column":11},"end":{"line":144,"column":20}},"loc":{"start":{"line":144,"column":20},"end":{"line":146,"column":5}}}},"branchMap":{"0":{"loc":{"start":{"line":125,"column":8},"end":{"line":133,"column":null}},"type":"if","locations":[{"start":{"line":125,"column":8},"end":{"line":133,"column":null}},{"start":{"line":127,"column":15},"end":{"line":133,"column":null}}]},"1":{"loc":{"start":{"line":127,"column":15},"end":{"line":133,"column":null}},"type":"if","locations":[{"start":{"line":127,"column":15},"end":{"line":133,"column":null}},{"start":{"line":129,"column":15},"end":{"line":133,"column":null}}]},"2":{"loc":{"start":{"line":129,"column":15},"end":{"line":133,"column":null}},"type":"if","locations":[{"start":{"line":129,"column":15},"end":{"line":133,"column":null}},{"start":{"line":131,"column":15},"end":{"line":133,"column":null}}]}},"s":{"0":2,"1":2,"2":2,"3":2,"4":10,"5":10,"6":10,"7":5,"8":5,"9":2,"10":3,"11":5,"12":5,"13":5,"14":2,"15":3,"16":5,"17":5,"18":5,"19":2,"20":3,"21":9,"22":2,"23":7,"24":4,"25":3,"26":3,"27":0,"28":10,"29":10,"30":10,"31":10,"32":2},"f":{"0":10,"1":5,"2":5,"3":5,"4":9,"5":10,"6":10},"b":{"0":[2,7],"1":[4,3],"2":[3,0]}}
,"C:\\Users\\Usuario\\Documents\\programacion\\microservicios\\User-Management-service\\src\\infrastructure\\repository\\UserRepository.ts": {"path":"C:\\Users\\Usuario\\Documents\\programacion\\microservicios\\User-Management-service\\src\\infrastructure\\repository\\UserRepository.ts","statementMap":{"0":{"start":{"line":2,"column":0},"end":{"line":2,"column":48}},"1":{"start":{"line":3,"column":0},"end":{"line":3,"column":63}},"2":{"start":{"line":4,"column":0},"end":{"line":4,"column":54}},"3":{"start":{"line":5,"column":0},"end":{"line":5,"column":46}},"4":{"start":{"line":7,"column":0},"end":{"line":7,"column":55}},"5":{"start":{"line":8,"column":0},"end":{"line":8,"column":77}},"6":{"start":{"line":9,"column":0},"end":{"line":9,"column":63}},"7":{"start":{"line":10,"column":0},"end":{"line":10,"column":71}},"8":{"start":{"line":15,"column":39},"end":{"line":15,"column":69}},"9":{"start":{"line":17,"column":21},"end":{"line":22,"column":6}},"10":{"start":{"line":24,"column":4},"end":{"line":26,"column":null}},"11":{"start":{"line":25,"column":8},"end":{"line":25,"column":77}},"12":{"start":{"line":28,"column":22},"end":{"line":28,"column":84}},"13":{"start":{"line":30,"column":4},"end":{"line":57,"column":null}},"14":{"start":{"line":31,"column":8},"end":{"line":38,"column":10}},"15":{"start":{"line":40,"column":8},"end":{"line":50,"column":null}},"16":{"start":{"line":41,"column":34},"end":{"line":41,"column":91}},"17":{"start":{"line":42,"column":26},"end":{"line":42,"column":47}},"18":{"start":{"line":43,"column":12},"end":{"line":49,"column":14}},"19":{"start":{"line":53,"column":8},"end":{"line":53,"column":49}},"20":{"start":{"line":54,"column":8},"end":{"line":54,"column":57}},"21":{"start":{"line":56,"column":8},"end":{"line":56,"column":29}},"22":{"start":{"line":59,"column":4},"end":{"line":59,"column":16}},"23":{"start":{"line":63,"column":39},"end":{"line":63,"column":69}},"24":{"start":{"line":64,"column":28},"end":{"line":64,"column":32}},"25":{"start":{"line":66,"column":4},"end":{"line":96,"column":null}},"26":{"start":{"line":67,"column":36},"end":{"line":69,"column":null}},"27":{"start":{"line":72,"column":34},"end":{"line":74,"column":null}},"28":{"start":{"line":77,"column":23},"end":{"line":77,"column":111}},"29":{"start":{"line":79,"column":6},"end":{"line":81,"column":null}},"30":{"start":{"line":80,"column":8},"end":{"line":80,"column":76}},"31":{"start":{"line":83,"column":22},"end":{"line":88,"column":41}},"32":{"start":{"line":90,"column":6},"end":{"line":90,"column":29}},"33":{"start":{"line":93,"column":6},"end":{"line":93,"column":55}},"34":{"start":{"line":95,"column":6},"end":{"line":95,"column":27}},"35":{"start":{"line":98,"column":4},"end":{"line":98,"column":16}},"36":{"start":{"line":102,"column":39},"end":{"line":102,"column":69}},"37":{"start":{"line":104,"column":4},"end":{"line":136,"column":null}},"38":{"start":{"line":105,"column":36},"end":{"line":107,"column":null}},"39":{"start":{"line":110,"column":34},"end":{"line":112,"column":null}},"40":{"start":{"line":115,"column":23},"end":{"line":115,"column":111}},"41":{"start":{"line":117,"column":6},"end":{"line":119,"column":null}},"42":{"start":{"line":118,"column":8},"end":{"line":118,"column":88}},"43":{"start":{"line":121,"column":6},"end":{"line":127,"column":17}},"44":{"start":{"line":130,"column":6},"end":{"line":132,"column":null}},"45":{"start":{"line":131,"column":8},"end":{"line":131,"column":79}},"46":{"start":{"line":133,"column":6},"end":{"line":133,"column":16}},"47":{"start":{"line":135,"column":6},"end":{"line":135,"column":27}},"48":{"start":{"line":12,"column":0},"end":{"line":12,"column":13}}},"fnMap":{"0":{"name":"(anonymous_0)","decl":{"start":{"line":14,"column":2},"end":{"line":14,"column":7}},"loc":{"start":{"line":14,"column":23},"end":{"line":60,"column":1}}},"1":{"name":"(anonymous_1)","decl":{"start":{"line":62,"column":2},"end":{"line":62,"column":7}},"loc":{"start":{"line":62,"column":26},"end":{"line":99,"column":3}}},"2":{"name":"(anonymous_2)","decl":{"start":{"line":101,"column":2},"end":{"line":101,"column":7}},"loc":{"start":{"line":101,"column":59},"end":{"line":137,"column":3}}}},"branchMap":{"0":{"loc":{"start":{"line":21,"column":15},"end":{"line":21,"column":38}},"type":"binary-expr","locations":[{"start":{"line":21,"column":15},"end":{"line":21,"column":30}},{"start":{"line":21,"column":34},"end":{"line":21,"column":38}}]},"1":{"loc":{"start":{"line":24,"column":4},"end":{"line":26,"column":null}},"type":"if","locations":[{"start":{"line":24,"column":4},"end":{"line":26,"column":null}}]},"2":{"loc":{"start":{"line":28,"column":22},"end":{"line":28,"column":84}},"type":"cond-expr","locations":[{"start":{"line":28,"column":61},"end":{"line":28,"column":72}},{"start":{"line":28,"column":75},"end":{"line":28,"column":84}}]},"3":{"loc":{"start":{"line":40,"column":8},"end":{"line":50,"column":null}},"type":"if","locations":[{"start":{"line":40,"column":8},"end":{"line":50,"column":null}}]},"4":{"loc":{"start":{"line":48,"column":16},"end":{"line":48,"column":72}},"type":"cond-expr","locations":[{"start":{"line":48,"column":34},"end":{"line":48,"column":60}},{"start":{"line":48,"column":63},"end":{"line":48,"column":72}}]},"5":{"loc":{"start":{"line":77,"column":23},"end":{"line":77,"column":111}},"type":"cond-expr","locations":[{"start":{"line":77,"column":49},"end":{"line":77,"column":64}},{"start":{"line":77,"column":67},"end":{"line":77,"column":111}}]},"6":{"loc":{"start":{"line":77,"column":67},"end":{"line":77,"column":111}},"type":"cond-expr","locations":[{"start":{"line":77,"column":91},"end":{"line":77,"column":104}},{"start":{"line":77,"column":107},"end":{"line":77,"column":111}}]},"7":{"loc":{"start":{"line":79,"column":6},"end":{"line":81,"column":null}},"type":"if","locations":[{"start":{"line":79,"column":6},"end":{"line":81,"column":null}}]},"8":{"loc":{"start":{"line":88,"column":18},"end":{"line":88,"column":40}},"type":"binary-expr","locations":[{"start":{"line":88,"column":18},"end":{"line":88,"column":32}},{"start":{"line":88,"column":36},"end":{"line":88,"column":40}}]},"9":{"loc":{"start":{"line":115,"column":23},"end":{"line":115,"column":111}},"type":"cond-expr","locations":[{"start":{"line":115,"column":49},"end":{"line":115,"column":64}},{"start":{"line":115,"column":67},"end":{"line":115,"column":111}}]},"10":{"loc":{"start":{"line":115,"column":67},"end":{"line":115,"column":111}},"type":"cond-expr","locations":[{"start":{"line":115,"column":91},"end":{"line":115,"column":104}},{"start":{"line":115,"column":107},"end":{"line":115,"column":111}}]},"11":{"loc":{"start":{"line":117,"column":6},"end":{"line":119,"column":null}},"type":"if","locations":[{"start":{"line":117,"column":6},"end":{"line":119,"column":null}}]},"12":{"loc":{"start":{"line":126,"column":18},"end":{"line":126,"column":40}},"type":"binary-expr","locations":[{"start":{"line":126,"column":18},"end":{"line":126,"column":32}},{"start":{"line":126,"column":36},"end":{"line":126,"column":40}}]},"13":{"loc":{"start":{"line":130,"column":6},"end":{"line":132,"column":null}},"type":"if","locations":[{"start":{"line":130,"column":6},"end":{"line":132,"column":null}}]}},"s":{"0":2,"1":2,"2":2,"3":2,"4":2,"5":2,"6":2,"7":2,"8":2,"9":2,"10":2,"11":1,"12":1,"13":1,"14":1,"15":1,"16":1,"17":1,"18":1,"19":0,"20":0,"21":1,"22":1,"23":3,"24":3,"25":3,"26":3,"27":3,"28":3,"29":3,"30":2,"31":1,"32":1,"33":2,"34":3,"35":1,"36":3,"37":3,"38":3,"39":2,"40":2,"41":2,"42":0,"43":2,"44":1,"45":1,"46":0,"47":3,"48":2},"f":{"0":2,"1":3,"2":3},"b":{"0":[2,1],"1":[1],"2":[0,1],"3":[1],"4":[1,0],"5":[1,2],"6":[0,2],"7":[2],"8":[1,0],"9":[0,2],"10":[2,0],"11":[0],"12":[2,0],"13":[1]}}
}
