TN:
SF:src\application\dto\UserDto.ts
FN:20,(anonymous_2)
FNF:1
FNH:1
FNDA:15,(anonymous_2)
DA:1,3
DA:4,3
DA:7,3
DA:12,3
DA:18,3
DA:21,15
DA:22,15
DA:23,15
DA:24,15
LF:9
LH:9
BRF:0
BRH:0
end_of_record
TN:
SF:src\application\mapper\UserMapper.ts
FN:7,(anonymous_0)
FN:16,(anonymous_1)
FNF:2
FNH:2
FNDA:7,(anonymous_0)
FNDA:7,(anonymous_1)
DA:1,3
DA:2,3
DA:3,3
DA:4,3
DA:6,3
DA:8,7
DA:17,7
DA:18,7
DA:20,7
DA:21,1
DA:24,6
LF:11
LH:11
BRDA:17,0,0,6
BRDA:17,0,1,1
BRDA:20,1,0,1
BRDA:20,2,0,7
BRDA:20,2,1,1
BRF:5
BRH:5
end_of_record
TN:
SF:src\application\service\UserApplication.ts
FN:11,(anonymous_0)
FN:15,(anonymous_1)
FN:45,(anonymous_2)
FN:64,(anonymous_3)
FNF:4
FNH:4
FNDA:9,(anonymous_0)
FNDA:6,(anonymous_1)
FNDA:3,(anonymous_2)
FNDA:4,(anonymous_3)
DA:2,2
DA:4,2
DA:5,2
DA:6,2
DA:8,2
DA:12,9
DA:16,6
DA:17,0
DA:19,6
DA:20,2
DA:22,4
DA:23,0
DA:25,4
DA:26,0
DA:28,4
DA:29,0
DA:32,4
DA:33,4
DA:34,4
DA:35,2
DA:38,2
DA:39,0
DA:41,2
DA:46,3
DA:47,0
DA:50,3
DA:51,3
DA:52,2
DA:53,1
DA:55,1
DA:57,2
DA:58,1
DA:60,1
DA:65,4
DA:66,0
DA:69,4
DA:70,4
DA:71,3
DA:72,1
DA:74,2
DA:76,2
DA:77,1
DA:79,1
LF:43
LH:36
BRDA:16,0,0,0
BRDA:19,1,0,2
BRDA:22,2,0,0
BRDA:25,3,0,0
BRDA:28,4,0,0
BRDA:38,5,0,0
BRDA:46,6,0,0
BRDA:52,7,0,1
BRDA:57,8,0,1
BRDA:65,9,0,0
BRDA:71,10,0,1
BRDA:76,11,0,1
BRF:12
BRH:5
end_of_record
TN:
SF:src\domain\builder\UserBuilder.ts
FN:8,(anonymous_0)
FN:15,(anonymous_1)
FN:20,(anonymous_2)
FN:25,(anonymous_3)
FN:30,(anonymous_4)
FN:35,(anonymous_5)
FN:43,(anonymous_6)
FNF:7
FNH:7
FNDA:3,(anonymous_0)
FNDA:3,(anonymous_1)
FNDA:3,(anonymous_2)
FNDA:3,(anonymous_3)
FNDA:3,(anonymous_4)
FNDA:3,(anonymous_5)
FNDA:3,(anonymous_6)
DA:1,2
DA:2,2
DA:3,2
DA:5,2
DA:6,2
DA:8,2
DA:9,3
DA:11,3
DA:12,3
DA:16,3
DA:17,3
DA:21,3
DA:22,3
DA:26,3
DA:27,3
DA:31,3
DA:32,3
DA:36,3
DA:37,0
DA:39,3
DA:40,3
DA:44,3
DA:45,2
DA:46,1
DA:47,1
DA:49,0
LF:26
LH:24
BRDA:36,0,0,0
BRDA:36,1,0,3
BRDA:36,1,1,2
BRDA:44,2,0,2
BRDA:44,2,1,1
BRDA:46,3,0,1
BRDA:46,3,1,0
BRF:7
BRH:5
end_of_record
TN:
SF:src\domain\entity\Customer.ts
FN:6,(anonymous_0)
FNF:1
FNH:1
FNDA:1,(anonymous_0)
DA:1,2
DA:2,2
DA:5,2
DA:7,1
LF:4
LH:4
BRF:0
BRH:0
end_of_record
TN:
SF:src\domain\entity\Driver.ts
FN:6,(anonymous_0)
FNF:1
FNH:1
FNDA:2,(anonymous_0)
DA:1,2
DA:2,2
DA:5,2
DA:7,2
LF:4
LH:4
BRF:0
BRH:0
end_of_record
TN:
SF:src\domain\entity\User.ts
FN:11,(anonymous_0)
FN:19,(anonymous_1)
FN:23,(anonymous_2)
FN:27,(anonymous_3)
FN:31,(anonymous_4)
FN:35,(anonymous_5)
FNF:6
FNH:6
FNDA:22,(anonymous_0)
FNDA:1,(anonymous_1)
FNDA:4,(anonymous_2)
FNDA:7,(anonymous_3)
FNDA:14,(anonymous_4)
FNDA:3,(anonymous_5)
DA:4,7
DA:12,22
DA:13,22
DA:14,22
DA:15,22
DA:16,22
DA:20,1
DA:24,4
DA:28,7
DA:32,14
DA:36,3
LF:11
LH:11
BRF:0
BRH:0
end_of_record
TN:
SF:src\domain\enum\UserRole.ts
FN:1,(anonymous_0)
FNF:1
FNH:1
FNDA:8,(anonymous_0)
DA:1,8
DA:2,8
DA:3,8
LF:3
LH:3
BRDA:1,0,0,8
BRDA:1,0,1,8
BRF:2
BRH:2
end_of_record
TN:
SF:src\domain\service\UserServiceDomain.ts
FN:8,(anonymous_0)
FN:11,(anonymous_1)
FN:15,(anonymous_2)
FN:19,(anonymous_3)
FNF:4
FNH:4
FNDA:4,(anonymous_0)
FNDA:1,(anonymous_1)
FNDA:2,(anonymous_2)
FNDA:1,(anonymous_3)
DA:5,1
DA:9,4
DA:12,1
DA:16,2
DA:20,1
LF:5
LH:5
BRF:0
BRH:0
end_of_record
TN:
SF:src\domain\valueObject\Phone.ts
FN:4,(anonymous_0)
FN:14,(anonymous_1)
FNF:2
FNH:2
FNDA:20,(anonymous_0)
FNDA:11,(anonymous_1)
DA:1,7
DA:5,20
DA:7,20
DA:8,0
DA:11,20
DA:15,11
LF:6
LH:5
BRDA:7,0,0,0
BRDA:7,1,0,20
BRDA:7,1,1,20
BRF:3
BRH:2
end_of_record
TN:
SF:src\exceptions\BaseError.ts
FN:5,(anonymous_0)
FNF:1
FNH:1
FNDA:22,(anonymous_0)
DA:1,6
DA:6,22
DA:7,22
DA:8,22
DA:9,22
LF:5
LH:5
BRF:0
BRH:0
end_of_record
TN:
SF:src\exceptions\DatabaseException.ts
FN:4,(anonymous_0)
FNF:1
FNH:1
FNDA:8,(anonymous_0)
DA:1,6
DA:3,6
DA:5,8
DA:6,8
LF:4
LH:4
BRDA:4,0,0,0
BRF:1
BRH:0
end_of_record
TN:
SF:src\exceptions\InvalidRoleError.ts
FN:2,(anonymous_0)
FNF:1
FNH:1
FNDA:1,(anonymous_0)
DA:1,2
DA:3,1
DA:4,1
LF:3
LH:3
BRF:0
BRH:0
end_of_record
TN:
SF:src\exceptions\InvalidUserRoleException.ts
FN:2,(anonymous_0)
FNF:1
FNH:0
FNDA:0,(anonymous_0)
DA:1,2
DA:3,0
DA:4,0
LF:3
LH:1
BRF:0
BRH:0
end_of_record
TN:
SF:src\exceptions\NotFoundError.ts
FN:4,(anonymous_0)
FNF:1
FNH:1
FNDA:10,(anonymous_0)
DA:1,6
DA:3,6
DA:5,10
LF:3
LH:3
BRF:0
BRH:0
end_of_record
TN:
SF:src\exceptions\ValidationError.ts
FN:4,(anonymous_0)
FNF:1
FNH:1
FNDA:4,(anonymous_0)
DA:1,4
DA:3,4
DA:5,4
LF:3
LH:3
BRF:0
BRH:0
end_of_record
TN:
SF:src\infrastructure\config\DataBase.ts
FN:9,(anonymous_0)
FN:26,(anonymous_1)
FN:33,(anonymous_2)
FN:61,(anonymous_3)
FNF:4
FNH:3
FNDA:1,(anonymous_0)
FNDA:5,(anonymous_1)
FNDA:1,(anonymous_2)
FNDA:0,(anonymous_3)
DA:2,2
DA:3,2
DA:4,2
DA:6,2
DA:10,1
DA:11,1
DA:12,1
DA:22,1
DA:27,5
DA:28,1
DA:30,5
DA:34,1
DA:35,1
DA:36,1
DA:44,1
DA:53,0
DA:55,1
DA:60,2
DA:62,0
DA:64,0
DA:70,0
DA:72,0
DA:73,0
DA:82,0
DA:83,0
DA:92,0
DA:93,0
DA:95,0
DA:98,0
LF:29
LH:17
BRDA:10,0,0,1
BRDA:13,1,0,1
BRDA:13,1,1,1
BRDA:14,2,0,1
BRDA:14,2,1,1
BRDA:15,3,0,1
BRDA:15,3,1,1
BRDA:16,4,0,1
BRDA:16,4,1,1
BRDA:27,5,0,1
BRDA:67,6,0,0
BRDA:67,6,1,0
BRDA:70,7,0,0
BRDA:70,7,1,0
BRDA:82,8,0,0
BRDA:82,9,0,0
BRDA:82,9,1,0
BRDA:88,10,0,0
BRDA:88,10,1,0
BRF:19
BRH:10
end_of_record
TN:
SF:src\infrastructure\controller\UserController.ts
FN:8,(anonymous_1)
FN:45,(anonymous_2)
FN:79,(anonymous_3)
FN:114,(anonymous_4)
FN:124,(anonymous_5)
FN:138,(anonymous_6)
FN:144,(anonymous_7)
FNF:7
FNH:7
FNDA:10,(anonymous_1)
FNDA:5,(anonymous_2)
FNDA:5,(anonymous_3)
FNDA:5,(anonymous_4)
FNDA:9,(anonymous_5)
FNDA:10,(anonymous_6)
FNDA:10,(anonymous_7)
DA:1,2
DA:3,2
DA:4,2
DA:5,2
DA:7,2
DA:8,10
DA:9,10
DA:10,10
DA:46,5
DA:47,5
DA:48,2
DA:50,3
DA:80,5
DA:81,5
DA:82,5
DA:83,2
DA:85,3
DA:115,5
DA:116,5
DA:117,5
DA:118,2
DA:120,3
DA:125,9
DA:126,2
DA:127,7
DA:128,4
DA:129,3
DA:130,3
DA:132,0
DA:139,10
DA:140,10
DA:141,10
DA:145,10
LF:33
LH:32
BRDA:125,0,0,2
BRDA:125,0,1,7
BRDA:127,1,0,4
BRDA:127,1,1,3
BRDA:129,2,0,3
BRDA:129,2,1,0
BRF:6
BRH:5
end_of_record
TN:
SF:src\infrastructure\repository\UserRepository.ts
FN:14,(anonymous_0)
FN:62,(anonymous_1)
FN:101,(anonymous_2)
FNF:3
FNH:3
FNDA:2,(anonymous_0)
FNDA:3,(anonymous_1)
FNDA:3,(anonymous_2)
DA:2,2
DA:3,2
DA:4,2
DA:5,2
DA:7,2
DA:8,2
DA:9,2
DA:10,2
DA:12,2
DA:15,2
DA:17,2
DA:24,2
DA:25,1
DA:28,1
DA:30,1
DA:31,1
DA:40,1
DA:41,1
DA:42,1
DA:43,1
DA:53,0
DA:54,0
DA:56,1
DA:59,1
DA:63,3
DA:64,3
DA:66,3
DA:67,3
DA:72,3
DA:77,3
DA:79,3
DA:80,2
DA:83,1
DA:90,1
DA:93,2
DA:95,3
DA:98,1
DA:102,3
DA:104,3
DA:105,3
DA:110,2
DA:115,2
DA:117,2
DA:118,0
DA:121,2
DA:130,1
DA:131,1
DA:133,0
DA:135,3
LF:49
LH:45
BRDA:21,0,0,2
BRDA:21,0,1,1
BRDA:24,1,0,1
BRDA:28,2,0,0
BRDA:28,2,1,1
BRDA:40,3,0,1
BRDA:48,4,0,1
BRDA:48,4,1,0
BRDA:77,5,0,1
BRDA:77,5,1,2
BRDA:77,6,0,0
BRDA:77,6,1,2
BRDA:79,7,0,2
BRDA:88,8,0,1
BRDA:88,8,1,0
BRDA:115,9,0,0
BRDA:115,9,1,2
BRDA:115,10,0,2
BRDA:115,10,1,0
BRDA:117,11,0,0
BRDA:126,12,0,2
BRDA:126,12,1,0
BRDA:130,13,0,1
BRF:23
BRH:15
end_of_record
